<?xml version="1.0" encoding="UTF-8"?>
<testng-results ignored="0" total="1" passed="1" failed="0" skipped="0">
  <reporter-output>
  </reporter-output>
  <suite started-at="2025-12-14T00:06:59 IST" name="Master Suite" finished-at="2025-12-14T00:07:48 IST" duration-ms="48723">
    <groups>
      <group name="Master">
        <method signature="TC006_Complete_Flow_Test.completeRegressionRun()[pri:0, instance:testCases.TC006_Complete_Flow_Test@7c098bb3]" name="completeRegressionRun" class="testCases.TC006_Complete_Flow_Test"/>
      </group> <!-- Master -->
      <group name="Sanity">
        <method signature="TC006_Complete_Flow_Test.completeRegressionRun()[pri:0, instance:testCases.TC006_Complete_Flow_Test@7c098bb3]" name="completeRegressionRun" class="testCases.TC006_Complete_Flow_Test"/>
      </group> <!-- Sanity -->
    </groups>
    <test started-at="2025-12-14T00:06:59 IST" name="Test" finished-at="2025-12-14T00:07:48 IST" duration-ms="48723">
      <class name="testCases.TC006_Complete_Flow_Test">
        <test-method is-config="true" signature="setup(java.lang.String,java.lang.String)[pri:0, instance:testCases.TC006_Complete_Flow_Test@7c098bb3]" started-at="2025-12-14T00:06:59 IST" name="setup" finished-at="2025-12-14T00:07:07 IST" duration-ms="7541" status="PASS">
          <params>
            <param index="0">
              <value>
                <![CDATA[Windows]]>
              </value>
            </param>
            <param index="1">
              <value>
                <![CDATA[chrome]]>
              </value>
            </param>
          </params>
          <reporter-output>
          </reporter-output>
        </test-method> <!-- setup -->
        <test-method signature="completeRegressionRun()[pri:0, instance:testCases.TC006_Complete_Flow_Test@7c098bb3]" started-at="2025-12-14T00:07:07 IST" name="completeRegressionRun" finished-at="2025-12-14T00:07:48 IST" duration-ms="40547" status="PASS">
          <reporter-output>
          </reporter-output>
        </test-method> <!-- completeRegressionRun -->
        <test-method is-config="true" signature="teardown()[pri:0, instance:testCases.TC006_Complete_Flow_Test@7c098bb3]" started-at="2025-12-14T00:07:48 IST" name="teardown" finished-at="2025-12-14T00:07:48 IST" duration-ms="314" status="PASS">
          <reporter-output>
          </reporter-output>
        </test-method> <!-- teardown -->
      </class> <!-- testCases.TC006_Complete_Flow_Test -->
    </test> <!-- Test -->
  </suite> <!-- Master Suite -->
</testng-results>
